2014/05/27 12:53:47 [error] [php] date(): It is not safe to rely on the system's timezone settings. You are *required* to use the date.timezone setting or the date_default_timezone_set() function. In case you used any of those methods and you are still getting this warning, you most likely misspelled the timezone identifier. We selected the timezone 'UTC' for now, but please set date.timezone to select your timezone. (/var/www/vag_webapp_yii/protected/views/layouts/main.php:51)
Stack trace:
#0 /home/leysan/yii-1.1.14.f0fee9/framework/web/CBaseController.php(95): SiteController->renderInternal()
#1 /home/leysan/yii-1.1.14.f0fee9/framework/web/widgets/CContentDecorator.php(76): SiteController->renderFile()
#2 /home/leysan/yii-1.1.14.f0fee9/framework/web/widgets/CContentDecorator.php(54): CContentDecorator->decorate()
#3 /home/leysan/yii-1.1.14.f0fee9/framework/web/widgets/COutputProcessor.php(44): CContentDecorator->processOutput()
#4 /home/leysan/yii-1.1.14.f0fee9/framework/web/CBaseController.php(206): CContentDecorator->run()
#5 /home/leysan/yii-1.1.14.f0fee9/framework/web/CBaseController.php(300): SiteController->endWidget()
#6 /var/www/vag_webapp_yii/protected/views/layouts/column1.php(6): SiteController->endContent()
#7 /home/leysan/yii-1.1.14.f0fee9/framework/web/CBaseController.php(126): require()
#8 /home/leysan/yii-1.1.14.f0fee9/framework/web/CBaseController.php(95): SiteController->renderInternal()
#9 /home/leysan/yii-1.1.14.f0fee9/framework/web/CController.php(784): SiteController->renderFile()
#10 /var/www/vag_webapp_yii/protected/controllers/SiteController.php(32): SiteController->render()
#11 /home/leysan/yii-1.1.14.f0fee9/framework/web/actions/CInlineAction.php(49): SiteController->actionIndex()
#12 /home/leysan/yii-1.1.14.f0fee9/framework/web/CController.php(308): CInlineAction->runWithParams()
#13 /home/leysan/yii-1.1.14.f0fee9/framework/web/CController.php(286): SiteController->runAction()
#14 /home/leysan/yii-1.1.14.f0fee9/framework/web/CController.php(265): SiteController->runActionWithFilters()
#15 /home/leysan/yii-1.1.14.f0fee9/framework/web/CWebApplication.php(282): SiteController->run()
#16 /home/leysan/yii-1.1.14.f0fee9/framework/web/CWebApplication.php(141): CWebApplication->runController()
#17 /home/leysan/yii-1.1.14.f0fee9/framework/base/CApplication.php(180): CWebApplication->processRequest()
#18 /var/www/vag_webapp_yii/index.php(13): CWebApplication->run()
REQUEST_URI=/vag_webapp_yii/
in /var/www/vag_webapp_yii/protected/views/layouts/main.php (51)
in /var/www/vag_webapp_yii/protected/views/layouts/column1.php (6)
in /var/www/vag_webapp_yii/protected/controllers/SiteController.php (32)
2014/05/27 12:55:32 [error] [php] date(): It is not safe to rely on the system's timezone settings. You are *required* to use the date.timezone setting or the date_default_timezone_set() function. In case you used any of those methods and you are still getting this warning, you most likely misspelled the timezone identifier. We selected the timezone 'UTC' for now, but please set date.timezone to select your timezone. (/var/www/vag_webapp_yii/protected/views/layouts/main.php:51)
Stack trace:
#0 /home/leysan/yii-1.1.14.f0fee9/framework/web/CBaseController.php(95): SiteController->renderInternal()
#1 /home/leysan/yii-1.1.14.f0fee9/framework/web/widgets/CContentDecorator.php(76): SiteController->renderFile()
#2 /home/leysan/yii-1.1.14.f0fee9/framework/web/widgets/CContentDecorator.php(54): CContentDecorator->decorate()
#3 /home/leysan/yii-1.1.14.f0fee9/framework/web/widgets/COutputProcessor.php(44): CContentDecorator->processOutput()
#4 /home/leysan/yii-1.1.14.f0fee9/framework/web/CBaseController.php(206): CContentDecorator->run()
#5 /home/leysan/yii-1.1.14.f0fee9/framework/web/CBaseController.php(300): SiteController->endWidget()
#6 /var/www/vag_webapp_yii/protected/views/layouts/column1.php(6): SiteController->endContent()
#7 /home/leysan/yii-1.1.14.f0fee9/framework/web/CBaseController.php(126): require()
#8 /home/leysan/yii-1.1.14.f0fee9/framework/web/CBaseController.php(95): SiteController->renderInternal()
#9 /home/leysan/yii-1.1.14.f0fee9/framework/web/CController.php(784): SiteController->renderFile()
#10 /var/www/vag_webapp_yii/protected/controllers/SiteController.php(32): SiteController->render()
#11 /home/leysan/yii-1.1.14.f0fee9/framework/web/actions/CInlineAction.php(49): SiteController->actionIndex()
#12 /home/leysan/yii-1.1.14.f0fee9/framework/web/CController.php(308): CInlineAction->runWithParams()
#13 /home/leysan/yii-1.1.14.f0fee9/framework/web/CController.php(286): SiteController->runAction()
#14 /home/leysan/yii-1.1.14.f0fee9/framework/web/CController.php(265): SiteController->runActionWithFilters()
#15 /home/leysan/yii-1.1.14.f0fee9/framework/web/CWebApplication.php(282): SiteController->run()
#16 /home/leysan/yii-1.1.14.f0fee9/framework/web/CWebApplication.php(141): CWebApplication->runController()
#17 /home/leysan/yii-1.1.14.f0fee9/framework/base/CApplication.php(180): CWebApplication->processRequest()
#18 /var/www/vag_webapp_yii/index.php(13): CWebApplication->run()
REQUEST_URI=/vag_webapp_yii/
in /var/www/vag_webapp_yii/protected/views/layouts/main.php (51)
in /var/www/vag_webapp_yii/protected/views/layouts/column1.php (6)
in /var/www/vag_webapp_yii/protected/controllers/SiteController.php (32)
2014/05/27 12:55:33 [error] [php] date(): It is not safe to rely on the system's timezone settings. You are *required* to use the date.timezone setting or the date_default_timezone_set() function. In case you used any of those methods and you are still getting this warning, you most likely misspelled the timezone identifier. We selected the timezone 'UTC' for now, but please set date.timezone to select your timezone. (/var/www/vag_webapp_yii/protected/views/layouts/main.php:51)
Stack trace:
#0 /home/leysan/yii-1.1.14.f0fee9/framework/web/CBaseController.php(95): SiteController->renderInternal()
#1 /home/leysan/yii-1.1.14.f0fee9/framework/web/widgets/CContentDecorator.php(76): SiteController->renderFile()
#2 /home/leysan/yii-1.1.14.f0fee9/framework/web/widgets/CContentDecorator.php(54): CContentDecorator->decorate()
#3 /home/leysan/yii-1.1.14.f0fee9/framework/web/widgets/COutputProcessor.php(44): CContentDecorator->processOutput()
#4 /home/leysan/yii-1.1.14.f0fee9/framework/web/CBaseController.php(206): CContentDecorator->run()
#5 /home/leysan/yii-1.1.14.f0fee9/framework/web/CBaseController.php(300): SiteController->endWidget()
#6 /var/www/vag_webapp_yii/protected/views/layouts/column1.php(6): SiteController->endContent()
#7 /home/leysan/yii-1.1.14.f0fee9/framework/web/CBaseController.php(126): require()
#8 /home/leysan/yii-1.1.14.f0fee9/framework/web/CBaseController.php(95): SiteController->renderInternal()
#9 /home/leysan/yii-1.1.14.f0fee9/framework/web/CController.php(784): SiteController->renderFile()
#10 /var/www/vag_webapp_yii/protected/controllers/SiteController.php(32): SiteController->render()
#11 /home/leysan/yii-1.1.14.f0fee9/framework/web/actions/CInlineAction.php(49): SiteController->actionIndex()
#12 /home/leysan/yii-1.1.14.f0fee9/framework/web/CController.php(308): CInlineAction->runWithParams()
#13 /home/leysan/yii-1.1.14.f0fee9/framework/web/CController.php(286): SiteController->runAction()
#14 /home/leysan/yii-1.1.14.f0fee9/framework/web/CController.php(265): SiteController->runActionWithFilters()
#15 /home/leysan/yii-1.1.14.f0fee9/framework/web/CWebApplication.php(282): SiteController->run()
#16 /home/leysan/yii-1.1.14.f0fee9/framework/web/CWebApplication.php(141): CWebApplication->runController()
#17 /home/leysan/yii-1.1.14.f0fee9/framework/base/CApplication.php(180): CWebApplication->processRequest()
#18 /var/www/vag_webapp_yii/index.php(13): CWebApplication->run()
REQUEST_URI=/vag_webapp_yii/
in /var/www/vag_webapp_yii/protected/views/layouts/main.php (51)
in /var/www/vag_webapp_yii/protected/views/layouts/column1.php (6)
in /var/www/vag_webapp_yii/protected/controllers/SiteController.php (32)
2014/05/27 12:55:34 [error] [php] date(): It is not safe to rely on the system's timezone settings. You are *required* to use the date.timezone setting or the date_default_timezone_set() function. In case you used any of those methods and you are still getting this warning, you most likely misspelled the timezone identifier. We selected the timezone 'UTC' for now, but please set date.timezone to select your timezone. (/var/www/vag_webapp_yii/protected/views/layouts/main.php:51)
Stack trace:
#0 /home/leysan/yii-1.1.14.f0fee9/framework/web/CBaseController.php(95): SiteController->renderInternal()
#1 /home/leysan/yii-1.1.14.f0fee9/framework/web/widgets/CContentDecorator.php(76): SiteController->renderFile()
#2 /home/leysan/yii-1.1.14.f0fee9/framework/web/widgets/CContentDecorator.php(54): CContentDecorator->decorate()
#3 /home/leysan/yii-1.1.14.f0fee9/framework/web/widgets/COutputProcessor.php(44): CContentDecorator->processOutput()
#4 /home/leysan/yii-1.1.14.f0fee9/framework/web/CBaseController.php(206): CContentDecorator->run()
#5 /home/leysan/yii-1.1.14.f0fee9/framework/web/CBaseController.php(300): SiteController->endWidget()
#6 /var/www/vag_webapp_yii/protected/views/layouts/column1.php(6): SiteController->endContent()
#7 /home/leysan/yii-1.1.14.f0fee9/framework/web/CBaseController.php(126): require()
#8 /home/leysan/yii-1.1.14.f0fee9/framework/web/CBaseController.php(95): SiteController->renderInternal()
#9 /home/leysan/yii-1.1.14.f0fee9/framework/web/CController.php(784): SiteController->renderFile()
#10 /var/www/vag_webapp_yii/protected/controllers/SiteController.php(32): SiteController->render()
#11 /home/leysan/yii-1.1.14.f0fee9/framework/web/actions/CInlineAction.php(49): SiteController->actionIndex()
#12 /home/leysan/yii-1.1.14.f0fee9/framework/web/CController.php(308): CInlineAction->runWithParams()
#13 /home/leysan/yii-1.1.14.f0fee9/framework/web/CController.php(286): SiteController->runAction()
#14 /home/leysan/yii-1.1.14.f0fee9/framework/web/CController.php(265): SiteController->runActionWithFilters()
#15 /home/leysan/yii-1.1.14.f0fee9/framework/web/CWebApplication.php(282): SiteController->run()
#16 /home/leysan/yii-1.1.14.f0fee9/framework/web/CWebApplication.php(141): CWebApplication->runController()
#17 /home/leysan/yii-1.1.14.f0fee9/framework/base/CApplication.php(180): CWebApplication->processRequest()
#18 /var/www/vag_webapp_yii/index.php(13): CWebApplication->run()
REQUEST_URI=/vag_webapp_yii/
in /var/www/vag_webapp_yii/protected/views/layouts/main.php (51)
in /var/www/vag_webapp_yii/protected/views/layouts/column1.php (6)
in /var/www/vag_webapp_yii/protected/controllers/SiteController.php (32)
2014/05/27 12:55:34 [error] [php] date(): It is not safe to rely on the system's timezone settings. You are *required* to use the date.timezone setting or the date_default_timezone_set() function. In case you used any of those methods and you are still getting this warning, you most likely misspelled the timezone identifier. We selected the timezone 'UTC' for now, but please set date.timezone to select your timezone. (/var/www/vag_webapp_yii/protected/views/layouts/main.php:51)
Stack trace:
#0 /home/leysan/yii-1.1.14.f0fee9/framework/web/CBaseController.php(95): SiteController->renderInternal()
#1 /home/leysan/yii-1.1.14.f0fee9/framework/web/widgets/CContentDecorator.php(76): SiteController->renderFile()
#2 /home/leysan/yii-1.1.14.f0fee9/framework/web/widgets/CContentDecorator.php(54): CContentDecorator->decorate()
#3 /home/leysan/yii-1.1.14.f0fee9/framework/web/widgets/COutputProcessor.php(44): CContentDecorator->processOutput()
#4 /home/leysan/yii-1.1.14.f0fee9/framework/web/CBaseController.php(206): CContentDecorator->run()
#5 /home/leysan/yii-1.1.14.f0fee9/framework/web/CBaseController.php(300): SiteController->endWidget()
#6 /var/www/vag_webapp_yii/protected/views/layouts/column1.php(6): SiteController->endContent()
#7 /home/leysan/yii-1.1.14.f0fee9/framework/web/CBaseController.php(126): require()
#8 /home/leysan/yii-1.1.14.f0fee9/framework/web/CBaseController.php(95): SiteController->renderInternal()
#9 /home/leysan/yii-1.1.14.f0fee9/framework/web/CController.php(784): SiteController->renderFile()
#10 /var/www/vag_webapp_yii/protected/controllers/SiteController.php(32): SiteController->render()
#11 /home/leysan/yii-1.1.14.f0fee9/framework/web/actions/CInlineAction.php(49): SiteController->actionIndex()
#12 /home/leysan/yii-1.1.14.f0fee9/framework/web/CController.php(308): CInlineAction->runWithParams()
#13 /home/leysan/yii-1.1.14.f0fee9/framework/web/CController.php(286): SiteController->runAction()
#14 /home/leysan/yii-1.1.14.f0fee9/framework/web/CController.php(265): SiteController->runActionWithFilters()
#15 /home/leysan/yii-1.1.14.f0fee9/framework/web/CWebApplication.php(282): SiteController->run()
#16 /home/leysan/yii-1.1.14.f0fee9/framework/web/CWebApplication.php(141): CWebApplication->runController()
#17 /home/leysan/yii-1.1.14.f0fee9/framework/base/CApplication.php(180): CWebApplication->processRequest()
#18 /var/www/vag_webapp_yii/index.php(13): CWebApplication->run()
REQUEST_URI=/vag_webapp_yii/
in /var/www/vag_webapp_yii/protected/views/layouts/main.php (51)
in /var/www/vag_webapp_yii/protected/views/layouts/column1.php (6)
in /var/www/vag_webapp_yii/protected/controllers/SiteController.php (32)
2014/05/27 13:03:58 [error] [exception.CHttpException.404] exception 'CHttpException' with message 'Unable to resolve the request "patients".' in /home/leysan/yii-1.1.14.f0fee9/framework/web/CWebApplication.php:286
Stack trace:
#0 /home/leysan/yii-1.1.14.f0fee9/framework/web/CWebApplication.php(141): CWebApplication->runController('patients')
#1 /home/leysan/yii-1.1.14.f0fee9/framework/base/CApplication.php(180): CWebApplication->processRequest()
#2 /var/www/vag_webapp_yii/index.php(15): CApplication->run()
#3 {main}
REQUEST_URI=/vag_webapp_yii/index.php?r=patients
HTTP_REFERER=http://localhost/vag_webapp_yii/index.php?r=site/contact
---
